Performing C SOURCE FILE Test CMAKE_HAVE_LIBC_PTHREAD failed with the following output:
Change Dir: /home/zzy/SensorsCalibration/Target-based-Calibration/build/CMakeFiles/CMakeTmp

Run Build Command(s):/usr/bin/make -f Makefile cmTC_60673/fast && /usr/bin/make  -f CMakeFiles/cmTC_60673.dir/build.make CMakeFiles/cmTC_60673.dir/build
make[1]: Entering directory '/home/zzy/SensorsCalibration/Target-based-Calibration/build/CMakeFiles/CMakeTmp'
Building C object CMakeFiles/cmTC_60673.dir/src.c.o
/usr/bin/gcc -DCMAKE_HAVE_LIBC_PTHREAD   -o CMakeFiles/cmTC_60673.dir/src.c.o -c /home/zzy/SensorsCalibration/Target-based-Calibration/build/CMakeFiles/CMakeTmp/src.c
Linking C executable cmTC_60673
/usr/local/bin/cmake -E cmake_link_script CMakeFiles/cmTC_60673.dir/link.txt --verbose=1
/usr/bin/gcc -rdynamic CMakeFiles/cmTC_60673.dir/src.c.o -o cmTC_60673 
CMakeFiles/cmTC_60673.dir/src.c.o: In function `main':
src.c:(.text+0x3e): undefined reference to `pthread_create'
src.c:(.text+0x4a): undefined reference to `pthread_detach'
src.c:(.text+0x56): undefined reference to `pthread_cancel'
src.c:(.text+0x67): undefined reference to `pthread_join'
src.c:(.text+0x7b): undefined reference to `pthread_atfork'
collect2: error: ld returned 1 exit status
CMakeFiles/cmTC_60673.dir/build.make:98: recipe for target 'cmTC_60673' failed
make[1]: *** [cmTC_60673] Error 1
make[1]: Leaving directory '/home/zzy/SensorsCalibration/Target-based-Calibration/build/CMakeFiles/CMakeTmp'
Makefile:127: recipe for target 'cmTC_60673/fast' failed
make: *** [cmTC_60673/fast] Error 2


Source file was:
#include <pthread.h>

static void* test_func(void* data)
{
  return data;
}

int main(void)
{
  pthread_t thread;
  pthread_create(&thread, NULL, test_func, NULL);
  pthread_detach(thread);
  pthread_cancel(thread);
  pthread_join(thread, NULL);
  pthread_atfork(NULL, NULL, NULL);
  pthread_exit(NULL);

  return 0;
}

Determining if the function pthread_create exists in the pthreads failed with the following output:
Change Dir: /home/zzy/SensorsCalibration/Target-based-Calibration/build/CMakeFiles/CMakeTmp

Run Build Command(s):/usr/bin/make -f Makefile cmTC_710e0/fast && /usr/bin/make  -f CMakeFiles/cmTC_710e0.dir/build.make CMakeFiles/cmTC_710e0.dir/build
make[1]: Entering directory '/home/zzy/SensorsCalibration/Target-based-Calibration/build/CMakeFiles/CMakeTmp'
Building C object CMakeFiles/cmTC_710e0.dir/CheckFunctionExists.c.o
/usr/bin/gcc   -DCHECK_FUNCTION_EXISTS=pthread_create -o CMakeFiles/cmTC_710e0.dir/CheckFunctionExists.c.o -c /usr/local/share/cmake-3.22/Modules/CheckFunctionExists.c
Linking C executable cmTC_710e0
/usr/local/bin/cmake -E cmake_link_script CMakeFiles/cmTC_710e0.dir/link.txt --verbose=1
/usr/bin/gcc  -DCHECK_FUNCTION_EXISTS=pthread_create -rdynamic CMakeFiles/cmTC_710e0.dir/CheckFunctionExists.c.o -o cmTC_710e0  -lpthreads 
/usr/bin/ld: cannot find -lpthreads
collect2: error: ld returned 1 exit status
CMakeFiles/cmTC_710e0.dir/build.make:98: recipe for target 'cmTC_710e0' failed
make[1]: *** [cmTC_710e0] Error 1
make[1]: Leaving directory '/home/zzy/SensorsCalibration/Target-based-Calibration/build/CMakeFiles/CMakeTmp'
Makefile:127: recipe for target 'cmTC_710e0/fast' failed
make: *** [cmTC_710e0/fast] Error 2



